90093 : 2020-03-06 19:09:42,827 : INFO : telemetry.main : Attempt start. Configuration directory [/Users/nguyen.manh.truong/.azure].
90093 : 2020-03-06 19:09:42,827 : INFO : telemetry.check : Positive: The /Users/nguyen.manh.truong/.azure/telemetry.txt does not exist.
90093 : 2020-03-06 19:09:42,827 : DEBUG : telemetry.note : acquiring lock
90093 : 2020-03-06 19:09:42,828 : DEBUG : telemetry.note : acquired lock
90093 : 2020-03-06 19:09:42,828 : INFO : telemetry.note : Update the note mtime to 2020-03-06 19:09:42.828192
90093 : 2020-03-06 19:09:42,828 : WARNING : telemetry.note : Fail to parse or read the timestamp 'N/A' in the note file. Set the last send time to minimal. Reason: not readable
90093 : 2020-03-06 19:09:42,828 : INFO : telemetry.records : No cache to be uploaded.
90093 : 2020-03-06 19:09:42,828 : INFO : telemetry.client : Accumulated 0 events. Flush the clients.
90093 : 2020-03-06 19:09:42,828 : INFO : telemetry.note : Update the last send in note to 0001-01-01 00:00:00
90093 : 2020-03-06 19:09:42,828 : INFO : telemetry.note : Update the note mtime to 2020-03-06 19:09:42.828961
90891 : 2020-03-06 19:51:25,244 : INFO : telemetry.main : Attempt start. Configuration directory [/Users/nguyen.manh.truong/.azure].
90891 : 2020-03-06 19:51:25,244 : INFO : telemetry.check : Returns Positive.
90891 : 2020-03-06 19:51:25,245 : DEBUG : telemetry.note : acquiring lock
90891 : 2020-03-06 19:51:25,245 : DEBUG : telemetry.note : acquired lock
90891 : 2020-03-06 19:51:25,245 : INFO : telemetry.note : Update the note mtime to 2020-03-06 19:51:25.245361
90891 : 2020-03-06 19:51:25,252 : INFO : telemetry.note : Read timestamp from the note. The last send was 0001-01-01 00:00:00.
90891 : 2020-03-06 19:51:25,253 : INFO : telemetry.records : No cache to be uploaded.
90891 : 2020-03-06 19:51:25,253 : INFO : telemetry.client : Accumulated 0 events. Flush the clients.
90891 : 2020-03-06 19:51:25,253 : INFO : telemetry.note : Update the last send in note to 0001-01-01 00:00:00
90891 : 2020-03-06 19:51:25,253 : INFO : telemetry.note : Update the note mtime to 2020-03-06 19:51:25.253494
